<?xml version="1.0" encoding="UTF-8"?>
<!-- Generated by org.testng.reporters.JUnitReportReporter -->
<testsuite skipped="0" hostname="DESKTOP-EQHOLA5" name="com.bm.qa.testcases.BrowseAndShopTest" tests="1" failures="0" timestamp="30 Aug 2019 12:22:00 GMT" time="25.784" errors="0">
  <testcase name="TC_07" time="25.784" classname="com.bm.qa.testcases.BrowseAndShopTest"/>
</testsuite> <!-- com.bm.qa.testcases.BrowseAndShopTest -->
