<?xml version="1.0" encoding="UTF-8"?>
<!-- Generated by org.testng.reporters.JUnitReportReporter -->
<testsuite skipped="0" hostname="DESKTOP-EQHOLA5" name="com.bm.qa.testcases.searchTest" tests="1" failures="0" timestamp="30 Aug 2019 11:17:55 GMT" time="32.348" errors="0">
  <testcase name="TC_12" time="32.348" classname="com.bm.qa.testcases.searchTest"/>
</testsuite> <!-- com.bm.qa.testcases.searchTest -->
