<?xml version="1.0" encoding="UTF-8"?>
<!-- Generated by org.testng.reporters.JUnitReportReporter -->
<testsuite skipped="0" hostname="DESKTOP-EQHOLA5" name="com.bm.qa.testcases.RegistrationPageTest" tests="1" failures="0" timestamp="29 Aug 2019 10:22:17 GMT" time="22.405" errors="0">
  <testcase name="TC_01" time="22.405" classname="com.bm.qa.testcases.RegistrationPageTest"/>
</testsuite> <!-- com.bm.qa.testcases.RegistrationPageTest -->
